<?xml version="1.0" encoding="UTF-8"?>
<!-- Generated by org.testng.reporters.JUnitReportReporter -->
<testsuite hostname="DESKTOP-VI3Q0U3" failures="0" tests="1" name="ims.TestCases.Debit_memo" time="241.280" errors="0" timestamp="2023-09-26T13:48:34 IST" skipped="0">
  <testcase classname="ims.TestCases.Debit_memo" name="check_fun_DebitMemo" time="241.280"/>
  <system-out/>
</testsuite> <!-- ims.TestCases.Debit_memo -->
