<?xml version="1.0" encoding="UTF-8"?>
<!-- Generated by org.testng.reporters.JUnitReportReporter -->
<testsuite hostname="DESKTOP-VI3Q0U3" failures="0" tests="1" name="ims.TestCases.Invoice" time="182.790" errors="0" timestamp="2023-09-14T20:44:40 IST" skipped="0">
  <testcase classname="ims.TestCases.Invoice" name="check_fun_Invoice" time="182.790"/>
  <system-out/>
</testsuite> <!-- ims.TestCases.Invoice -->
