<?xml version="1.0" encoding="UTF-8"?>
<!-- Generated by org.testng.reporters.JUnitReportReporter -->
<testsuite hostname="DESKTOP-VI3Q0U3" failures="0" tests="1" name="ims.TestCases.Supplier_projects" time="207.185" errors="0" timestamp="2023-09-29T14:18:33 IST" skipped="0">
  <testcase classname="ims.TestCases.Supplier_projects" name="check_fun_SupplierProjects" time="207.185"/>
  <system-out/>
</testsuite> <!-- ims.TestCases.Supplier_projects -->
