<?xml version="1.0" encoding="UTF-8"?>
<!-- Generated by org.testng.reporters.JUnitReportReporter -->
<testsuite hostname="DESKTOP-VI3Q0U3" failures="0" tests="1" name="ims.TestCases.Credit_note" time="170.326" errors="0" timestamp="2023-09-13T21:03:14 IST" skipped="0">
  <testcase classname="ims.TestCases.Credit_note" name="check_fun_CreditNote" time="170.326"/>
  <system-out/>
</testsuite> <!-- ims.TestCases.Credit_note -->
