<?xml version="1.0" encoding="UTF-8"?>
<!-- Generated by org.testng.reporters.JUnitReportReporter -->
<testsuite hostname="DESKTOP-VI3Q0U3" failures="0" tests="1" name="ims.TestCases.Bill" time="197.759" errors="0" timestamp="2023-09-22T20:23:53 IST" skipped="0">
  <testcase classname="ims.TestCases.Bill" name="check_fun_Bill" time="197.759"/>
  <system-out/>
</testsuite> <!-- ims.TestCases.Bill -->
