<?xml version="1.0" encoding="UTF-8"?>
<!-- Generated by org.testng.reporters.JUnitReportReporter -->
<testsuite hostname="DESKTOP-VI3Q0U3" failures="0" tests="1" name="ims.TestCases.Employee_info" time="75.738" errors="0" timestamp="2023-09-12T14:15:58 IST" skipped="0">
  <testcase classname="ims.TestCases.Employee_info" name="check_fun_EmployeeInfo" time="75.738"/>
  <system-out/>
</testsuite> <!-- ims.TestCases.Employee_info -->
