<?xml version="1.0" encoding="UTF-8"?>
<!-- Generated by org.testng.reporters.JUnitReportReporter -->
<testsuite hostname="DESKTOP-VI3Q0U3" failures="0" tests="1" name="ims.TestCases.Bill_payment" time="138.911" errors="0" timestamp="2023-09-23T16:41:55 IST" skipped="0">
  <testcase classname="ims.TestCases.Bill_payment" name="check_fun_BillPayment" time="138.911"/>
  <system-out/>
</testsuite> <!-- ims.TestCases.Bill_payment -->
