<?xml version="1.0" encoding="UTF-8"?>
<!-- Generated by org.testng.reporters.JUnitReportReporter -->
<testsuite hostname="DESKTOP-VI3Q0U3" failures="0" tests="1" name="ims.TestCases.Project_details" time="177.066" errors="0" timestamp="2023-09-15T16:36:27 IST" skipped="0">
  <testcase classname="ims.TestCases.Project_details" name="check_fun_ProjectDetails" time="177.066"/>
  <system-out/>
</testsuite> <!-- ims.TestCases.Project_details -->
